/nfs/home/xwang/virpy3.6/lib64/python3.6/site-packages/sklearn/metrics/_ranking.py:808: UndefinedMetricWarning: No positive samples in y_true, true positive value should be meaningless
  UndefinedMetricWarning)
/nfs/home/xwang/virpy3.6/lib64/python3.6/site-packages/sklearn/metrics/_ranking.py:808: UndefinedMetricWarning: No positive samples in y_true, true positive value should be meaningless
  UndefinedMetricWarning)
/nfs/home/xwang/virpy3.6/lib64/python3.6/site-packages/sklearn/metrics/_ranking.py:808: UndefinedMetricWarning: No positive samples in y_true, true positive value should be meaningless
  UndefinedMetricWarning)
/nfs/home/xwang/virpy3.6/lib64/python3.6/site-packages/sklearn/metrics/_ranking.py:808: UndefinedMetricWarning: No positive samples in y_true, true positive value should be meaningless
  UndefinedMetricWarning)
/nfs/home/xwang/virpy3.6/lib64/python3.6/site-packages/sklearn/metrics/_ranking.py:800: UndefinedMetricWarning: No negative samples in y_true, false positive value should be meaningless
  UndefinedMetricWarning)
/nfs/home/xwang/virpy3.6/lib64/python3.6/site-packages/sklearn/metrics/_ranking.py:88: RuntimeWarning: invalid value encountered in less
  if np.any(dx < 0):
/nfs/home/xwang/virpy3.6/lib64/python3.6/site-packages/sklearn/metrics/_ranking.py:808: UndefinedMetricWarning: No positive samples in y_true, true positive value should be meaningless
  UndefinedMetricWarning)
/nfs/home/xwang/virpy3.6/lib64/python3.6/site-packages/sklearn/metrics/_ranking.py:808: UndefinedMetricWarning: No positive samples in y_true, true positive value should be meaningless
  UndefinedMetricWarning)
/nfs/home/xwang/virpy3.6/lib64/python3.6/site-packages/sklearn/metrics/_ranking.py:808: UndefinedMetricWarning: No positive samples in y_true, true positive value should be meaningless
  UndefinedMetricWarning)
/nfs/home/xwang/virpy3.6/lib64/python3.6/site-packages/sklearn/metrics/_ranking.py:808: UndefinedMetricWarning: No positive samples in y_true, true positive value should be meaningless
  UndefinedMetricWarning)
/nfs/home/xwang/virpy3.6/lib64/python3.6/site-packages/sklearn/metrics/_ranking.py:808: UndefinedMetricWarning: No positive samples in y_true, true positive value should be meaningless
  UndefinedMetricWarning)
/nfs/home/xwang/virpy3.6/lib64/python3.6/site-packages/sklearn/metrics/_ranking.py:88: RuntimeWarning: invalid value encountered in less
  if np.any(dx < 0):
/nfs/home/xwang/virpy3.6/lib64/python3.6/site-packages/sklearn/metrics/_ranking.py:808: UndefinedMetricWarning: No positive samples in y_true, true positive value should be meaningless
  UndefinedMetricWarning)
/nfs/home/xwang/virpy3.6/lib64/python3.6/site-packages/sklearn/metrics/_ranking.py:808: UndefinedMetricWarning: No positive samples in y_true, true positive value should be meaningless
  UndefinedMetricWarning)
/nfs/home/xwang/virpy3.6/lib64/python3.6/site-packages/sklearn/metrics/_ranking.py:808: UndefinedMetricWarning: No positive samples in y_true, true positive value should be meaningless
  UndefinedMetricWarning)
/nfs/home/xwang/virpy3.6/lib64/python3.6/site-packages/sklearn/metrics/_ranking.py:808: UndefinedMetricWarning: No positive samples in y_true, true positive value should be meaningless
  UndefinedMetricWarning)
/nfs/home/xwang/virpy3.6/lib64/python3.6/site-packages/sklearn/metrics/_ranking.py:800: UndefinedMetricWarning: No negative samples in y_true, false positive value should be meaningless
  UndefinedMetricWarning)
/nfs/home/xwang/virpy3.6/lib64/python3.6/site-packages/sklearn/metrics/_ranking.py:88: RuntimeWarning: invalid value encountered in less
  if np.any(dx < 0):
/nfs/home/xwang/virpy3.6/lib64/python3.6/site-packages/sklearn/metrics/_ranking.py:808: UndefinedMetricWarning: No positive samples in y_true, true positive value should be meaningless
  UndefinedMetricWarning)
/nfs/home/xwang/virpy3.6/lib64/python3.6/site-packages/sklearn/metrics/_ranking.py:808: UndefinedMetricWarning: No positive samples in y_true, true positive value should be meaningless
  UndefinedMetricWarning)
/nfs/home/xwang/virpy3.6/lib64/python3.6/site-packages/sklearn/metrics/_ranking.py:808: UndefinedMetricWarning: No positive samples in y_true, true positive value should be meaningless
  UndefinedMetricWarning)
/nfs/home/xwang/virpy3.6/lib64/python3.6/site-packages/sklearn/metrics/_ranking.py:808: UndefinedMetricWarning: No positive samples in y_true, true positive value should be meaningless
  UndefinedMetricWarning)
/nfs/home/xwang/virpy3.6/lib64/python3.6/site-packages/sklearn/metrics/_ranking.py:808: UndefinedMetricWarning: No positive samples in y_true, true positive value should be meaningless
  UndefinedMetricWarning)
/nfs/home/xwang/virpy3.6/lib64/python3.6/site-packages/sklearn/metrics/_ranking.py:88: RuntimeWarning: invalid value encountered in less
  if np.any(dx < 0):
/nfs/home/xwang/virpy3.6/lib64/python3.6/site-packages/sklearn/metrics/_ranking.py:808: UndefinedMetricWarning: No positive samples in y_true, true positive value should be meaningless
  UndefinedMetricWarning)
/nfs/home/xwang/virpy3.6/lib64/python3.6/site-packages/sklearn/metrics/_ranking.py:808: UndefinedMetricWarning: No positive samples in y_true, true positive value should be meaningless
  UndefinedMetricWarning)
/nfs/home/xwang/virpy3.6/lib64/python3.6/site-packages/sklearn/metrics/_ranking.py:808: UndefinedMetricWarning: No positive samples in y_true, true positive value should be meaningless
  UndefinedMetricWarning)
/nfs/home/xwang/virpy3.6/lib64/python3.6/site-packages/sklearn/metrics/_ranking.py:808: UndefinedMetricWarning: No positive samples in y_true, true positive value should be meaningless
  UndefinedMetricWarning)
/nfs/home/xwang/virpy3.6/lib64/python3.6/site-packages/sklearn/metrics/_ranking.py:800: UndefinedMetricWarning: No negative samples in y_true, false positive value should be meaningless
  UndefinedMetricWarning)
/nfs/home/xwang/virpy3.6/lib64/python3.6/site-packages/sklearn/metrics/_ranking.py:88: RuntimeWarning: invalid value encountered in less
  if np.any(dx < 0):
/nfs/home/xwang/virpy3.6/lib64/python3.6/site-packages/sklearn/metrics/_ranking.py:808: UndefinedMetricWarning: No positive samples in y_true, true positive value should be meaningless
  UndefinedMetricWarning)
/nfs/home/xwang/virpy3.6/lib64/python3.6/site-packages/sklearn/metrics/_ranking.py:808: UndefinedMetricWarning: No positive samples in y_true, true positive value should be meaningless
  UndefinedMetricWarning)
/nfs/home/xwang/virpy3.6/lib64/python3.6/site-packages/sklearn/metrics/_ranking.py:808: UndefinedMetricWarning: No positive samples in y_true, true positive value should be meaningless
  UndefinedMetricWarning)
/nfs/home/xwang/virpy3.6/lib64/python3.6/site-packages/sklearn/metrics/_ranking.py:808: UndefinedMetricWarning: No positive samples in y_true, true positive value should be meaningless
  UndefinedMetricWarning)
/nfs/home/xwang/virpy3.6/lib64/python3.6/site-packages/sklearn/metrics/_ranking.py:808: UndefinedMetricWarning: No positive samples in y_true, true positive value should be meaningless
  UndefinedMetricWarning)
/nfs/home/xwang/virpy3.6/lib64/python3.6/site-packages/sklearn/metrics/_ranking.py:88: RuntimeWarning: invalid value encountered in less
  if np.any(dx < 0):
{}
n_classes
10
[0. 0. 0. ... 0. 0. 0.]
[0.04126644 0.04639709 0.0567449  ... 0.05749509 0.05186129 0.96318322]
[0. 0. 0. ... 0. 0. 0.]
[0. 0. 0. ... 0. 0. 1.]
[0. 0. 0. ... 0. 0. 0.]
[0.47640473 0.43021947 0.34513873 ... 0.00987199 0.12142006 0.00899735]
[0. 0. 0. ... 0. 0. 0.]
[0. 0. 0. ... 0. 0. 0.]
[0. 0. 0. ... 0. 0. 0.]
[0.1119422  0.13043997 0.13689354 ... 0.53735226 0.6176738  0.00632015]
[0. 0. 0. ... 0. 0. 0.]
[0. 0. 0. ... 1. 1. 0.]
[0. 0. 0. ... 0. 0. 0.]
[0.5157139  0.47479507 0.3918378  ... 0.06184894 0.06397921 0.0008885 ]
[0. 0. 0. ... 0. 0. 0.]
[0. 0. 0. ... 0. 0. 0.]
[1. 1. 1. ... 1. 1. 1.]
[0.04078585 0.05232874 0.06472677 ... 0.00414199 0.04279596 0.00058338]
[1. 1. 1. ... 1. 1. 1.]
[0. 0. 0. ... 0. 0. 0.]
[0. 0. 0. ... 0. 0. 0.]
[0.5505119  0.48440462 0.4276622  ... 0.00870082 0.08298132 0.00062439]
[0. 0. 0. ... 0. 0. 0.]
[0. 0. 0. ... 0. 0. 0.]
[0. 0. 0. ... 0. 0. 0.]
[0.30658722 0.3075938  0.3693918  ... 0.02344012 0.01970249 0.0013946 ]
[0. 0. 0. ... 0. 0. 0.]
[0. 0. 0. ... 0. 0. 0.]
[0. 0. 0. ... 0. 0. 0.]
[0.39065695 0.34765148 0.24973762 ... 0.00234082 0.01440844 0.00262973]
[0. 0. 0. ... 0. 0. 0.]
[0. 0. 0. ... 0. 0. 0.]
[0. 0. 0. ... 0. 0. 0.]
[0.07067209 0.08503616 0.10047287 ... 0.0161826  0.05297753 0.00451732]
[0. 0. 0. ... 0. 0. 0.]
[0. 0. 0. ... 0. 0. 0.]
[0. 0. 0. ... 0. 0. 0.]
[0.7590782  0.73621136 0.7104607  ... 0.3105061  0.49813095 0.74989808]
[0. 0. 0. ... 0. 0. 0.]
[1. 1. 1. ... 0. 0. 0.]
[0. 0. 0. ... 0. 0. 0.]
[0.04126644 0.47640473 0.1119422  ... 0.00262973 0.00451732 0.74989808]
0.20327740177304937
0.22393067667037375
Confidence interval for the score: [0.203 - 0.224]
20900 20900
[0. 0. 0. ... 0. 0. 0.]
[0. 0. 0. ... 0. 0. 0.]
0.44259022676461196
0.44717107877800116
Confidence interval for the score: [0.443 - 0.447]
[[0. 0. 0. ... 0. 0. 0.]
 [0. 0. 0. ... 0. 0. 0.]
 [0. 0. 0. ... 0. 0. 0.]
 ...
 [0. 0. 0. ... 0. 0. 0.]
 [0. 0. 0. ... 0. 0. 0.]
 [0. 0. 0. ... 0. 0. 0.]]
[[0.04126644 0.47640473 0.1119422  ... 0.39065695 0.07067209 0.7590782 ]
 [0.04639709 0.43021947 0.13043997 ... 0.34765148 0.08503616 0.73621136]
 [0.0567449  0.34513873 0.13689354 ... 0.24973762 0.10047287 0.7104607 ]
 ...
 [0.05749509 0.00987199 0.53735226 ... 0.00234082 0.0161826  0.3105061 ]
 [0.05186129 0.12142006 0.6176738  ... 0.01440844 0.05297753 0.49813095]
 [0.96318322 0.00899735 0.00632015 ... 0.00262973 0.00451732 0.74989808]]
[[0. 0. 0. ... 0. 0. 0.]
 [0. 0. 0. ... 0. 0. 0.]
 [0. 0. 0. ... 0. 0. 0.]
 ...
 [0. 0. 0. ... 0. 0. 0.]
 [0. 0. 0. ... 0. 0. 0.]
 [0. 0. 0. ... 0. 0. 0.]]
[[0. 0. 0. ... 0. 0. 1.]
 [0. 0. 0. ... 0. 0. 1.]
 [0. 0. 0. ... 0. 0. 1.]
 ...
 [0. 0. 1. ... 0. 0. 0.]
 [0. 0. 1. ... 0. 0. 0.]
 [1. 0. 0. ... 0. 0. 0.]]
******* FP / TP for average probability
{0: array([0.00000000e+00, 4.78468900e-04, 5.60287081e-01, 5.61244019e-01,
       1.00000000e+00]), 1: array([0.000000e+00, 4.784689e-04, 1.000000e+00]), 2: array([0.000000e+00, 4.784689e-04, 1.000000e+00]), 3: array([0.00000000e+00, 4.78468900e-04, 4.28708134e-01, 4.29665072e-01,
       8.35406699e-01, 8.36363636e-01, 9.49282297e-01, 9.50239234e-01,
       1.00000000e+00]), 4: array([nan, nan, nan, nan, nan, nan, nan, nan, nan, nan, nan, nan, nan,
       nan, nan]), 5: array([0.000000e+00, 4.784689e-04, 1.000000e+00]), 6: array([0.000000e+00, 4.784689e-04, 1.000000e+00]), 7: array([0.000000e+00, 4.784689e-04, 1.000000e+00]), 8: array([0.00000000e+00, 4.78468900e-04, 5.86124402e-01, 5.87081340e-01,
       8.71770335e-01, 8.72727273e-01, 1.00000000e+00]), 9: array([0.000000e+00, 4.784689e-04, 1.000000e+00]), 'micro': array([0.00000000e+00, 5.31632111e-05, 1.62147794e-02, ...,
       9.99893674e-01, 1.00000000e+00, 1.00000000e+00]), 'macro': array([0.00000000e+00, 4.78468900e-04, 4.28708134e-01, 4.29665072e-01,
       5.60287081e-01, 5.61244019e-01, 5.86124402e-01, 5.87081340e-01,
       8.35406699e-01, 8.36363636e-01, 8.71770335e-01, 8.72727273e-01,
       9.49282297e-01, 9.50239234e-01, 1.00000000e+00,            nan,
                  nan,            nan,            nan,            nan,
                  nan,            nan,            nan,            nan,
                  nan,            nan,            nan,            nan,
                  nan,            nan])}
{0: array([nan, nan, nan, nan, nan]), 1: array([nan, nan, nan]), 2: array([nan, nan, nan]), 3: array([nan, nan, nan, nan, nan, nan, nan, nan, nan]), 4: array([0.00000000e+00, 4.78468900e-04, 7.19138756e-01, 7.20095694e-01,
       7.31578947e-01, 7.32535885e-01, 7.66985646e-01, 7.67942584e-01,
       7.92344498e-01, 7.93301435e-01, 8.71770335e-01, 8.72727273e-01,
       8.96172249e-01, 8.97129187e-01, 1.00000000e+00]), 5: array([nan, nan, nan]), 6: array([nan, nan, nan]), 7: array([nan, nan, nan]), 8: array([nan, nan, nan, nan, nan, nan, nan]), 9: array([nan, nan, nan]), 'micro': array([0.        , 0.        , 0.        , ..., 0.99712919, 0.99712919,
       1.        ]), 'macro': array([nan, nan, nan, nan, nan, nan, nan, nan, nan, nan, nan, nan, nan,
       nan, nan, nan, nan, nan, nan, nan, nan, nan, nan, nan, nan, nan,
       nan, nan, nan, nan])}
******* FP / TP for percent selected
{0: array([0.        , 0.02105263, 1.        ]), 1: array([0.       , 0.0492823, 1.       ]), 2: array([0.       , 0.0923445, 1.       ]), 3: array([0.        , 0.14832536, 1.        ]), 4: array([nan, nan, nan]), 5: array([0.        , 0.20430622, 1.        ]), 6: array([0.       , 0.1430622, 1.       ]), 7: array([0.000000e+00, 4.784689e-04, 1.000000e+00]), 8: array([0.        , 0.03732057, 1.        ]), 9: array([0.        , 0.30287081, 1.        ]), 'micro': array([0.        , 0.11100478, 1.        ]), 'macro': array([0.00000000e+00, 4.78468900e-04, 2.10526316e-02, 3.73205742e-02,
       4.92822967e-02, 9.23444976e-02, 1.43062201e-01, 1.48325359e-01,
       2.04306220e-01, 3.02870813e-01, 1.00000000e+00,            nan,
                  nan,            nan])}
{0: array([nan, nan, nan]), 1: array([nan, nan, nan]), 2: array([nan, nan, nan]), 3: array([nan, nan, nan]), 4: array([0.00000000e+00, 9.56937799e-04, 1.00000000e+00]), 5: array([nan, nan, nan]), 6: array([nan, nan, nan]), 7: array([nan, nan, nan]), 8: array([nan, nan, nan]), 9: array([nan, nan, nan]), 'micro': array([0.00000000e+00, 9.56937799e-04, 1.00000000e+00]), 'macro': array([nan, nan, nan, nan, nan, nan, nan, nan, nan, nan, nan, nan, nan,
       nan])}
n_classes
10
[0. 0. 0. 0. 0. 0. 0. 0. 0. 0. 0. 0.]
[0.04007824 0.15809114 0.39203177 0.02325398 0.09496677 0.11887766
 0.09794254 0.38759331 0.11187542 0.49204256 0.11105534 0.30162051]
[0. 0. 0. 0. 0. 0. 0. 0. 0. 0. 0. 0.]
[0.         0.         0.2        0.         0.00540541 0.
 0.06779661 0.         0.         0.55555556 0.02339181 0.28888889]
[0. 0. 0. 0. 0. 0. 0. 0. 0. 0. 0. 0.]
[0.41472119 0.17521445 0.01952631 0.28838381 0.18605605 0.03954898
 0.117799   0.02224465 0.13247504 0.01705903 0.14238411 0.07783466]
[0. 0. 0. 0. 0. 0. 0. 0. 0. 0. 0. 0.]
[0.         0.         0.         0.01283547 0.00540541 0.
 0.01694915 0.         0.03448276 0.         0.10292398 0.02222222]
[0. 0. 0. 0. 0. 0. 0. 0. 0. 0. 0. 0.]
[0.10951705 0.26978509 0.14416231 0.24980433 0.21289306 0.11564343
 0.32596545 0.1775732  0.44088801 0.08333439 0.41182475 0.23308963]
[0. 0. 0. 0. 0. 0. 0. 0. 0. 0. 0. 0.]
[0.         0.         0.         0.04667445 0.04324324 0.
 0.10169492 0.         0.34482759 0.         0.14736842 0.06666667]
[0. 0. 0. 0. 0. 0. 0. 0. 0. 0. 0. 0.]
[0.34949946 0.11734302 0.19271398 0.30044728 0.28101828 0.02405103
 0.10678248 0.01127926 0.05534282 0.00901477 0.0256249  0.21880304]
[0. 0. 0. 0. 0. 0. 0. 0. 0. 0. 0. 0.]
[0.         0.         0.2        0.31621937 0.16216216 0.
 0.         0.         0.         0.         0.00116959 0.15555556]
[1. 1. 1. 1. 1. 1. 1. 1. 1. 1. 1. 1.]
[0.04187206 0.02264423 0.16686023 0.08125116 0.10219773 0.04645755
 0.10530962 0.12592418 0.00454612 0.02021605 0.01682903 0.02037149]
[1. 1. 1. 1. 1. 1. 1. 1. 1. 1. 1. 1.]
[0.         0.         0.         0.00116686 0.         0.02941176
 0.         0.         0.         0.         0.         0.        ]
[0. 0. 0. 0. 0. 0. 0. 0. 0. 0. 0. 0.]
[0.37972835 0.24001785 0.09553343 0.56441585 0.43643718 0.07574626
 0.17939154 0.02696534 0.09734335 0.00514972 0.05116853 0.31604401]
[0. 0. 0. 0. 0. 0. 0. 0. 0. 0. 0. 0.]
[0.         0.2        0.         0.41423571 0.30810811 0.
 0.03389831 0.         0.         0.         0.00701754 0.13333333]
[0. 0. 0. 0. 0. 0. 0. 0. 0. 0. 0. 0.]
[0.41956881 0.30386169 0.03304044 0.15867432 0.1159473  0.30783495
 0.07559606 0.03558484 0.0953412  0.06149255 0.51324192 0.16755011]
[0. 0. 0. 0. 0. 0. 0. 0. 0. 0. 0. 0.]
[0.25       0.2        0.         0.03150525 0.00540541 0.23529412
 0.         0.         0.         0.         0.30175439 0.06666667]
[0. 0. 0. 0. 0. 0. 0. 0. 0. 0. 0. 0.]
[0.24913404 0.14413991 0.01948618 0.11229784 0.08222253 0.01759521
 0.04756377 0.00578779 0.03569839 0.00524924 0.23740088 0.05071445]
[0. 0. 0. 0. 0. 0. 0. 0. 0. 0. 0. 0.]
[0.         0.         0.         0.00116686 0.         0.
 0.         0.         0.         0.         0.         0.        ]
[0. 0. 0. 0. 0. 0. 0. 0. 0. 0. 0. 0.]
[0.06811728 0.13153279 0.23998357 0.13905368 0.25152474 0.31430737
 0.23577079 0.07958179 0.1469238  0.33679034 0.0889927  0.05701408]
[0. 0. 0. 0. 0. 0. 0. 0. 0. 0. 0. 0.]
[0.         0.         0.         0.00466744 0.08648649 0.32352941
 0.15254237 0.         0.13793103 0.22222222 0.0374269  0.        ]
[0. 0. 0. 0. 0. 0. 0. 0. 0. 0. 0. 0.]
[0.6001099  0.58732129 0.6168883  0.28654719 0.38243818 0.31892957
 0.5501917  0.81789507 0.45833726 0.4302023  0.55222916 0.40859345]
[0. 0. 0. 0. 0. 0. 0. 0. 0. 0. 0. 0.]
[0.75       0.6        0.6        0.17152859 0.38378378 0.41176471
 0.62711864 1.         0.48275862 0.22222222 0.37894737 0.26666667]
[0. 0. 0. 0. 1. 0. 0. 0. 0. 0. 0. 0. 0. 0. 1. 0. 0. 0. 0. 0. 0. 0. 0. 0.
 1. 0. 0. 0. 0. 0. 0. 0. 0. 0. 1. 0. 0. 0. 0. 0. 0. 0. 0. 0. 1. 0. 0. 0.
 0. 0. 0. 0. 0. 0. 1. 0. 0. 0. 0. 0. 0. 0. 0. 0. 1. 0. 0. 0. 0. 0. 0. 0.
 0. 0. 1. 0. 0. 0. 0. 0. 0. 0. 0. 0. 1. 0. 0. 0. 0. 0. 0. 0. 0. 0. 1. 0.
 0. 0. 0. 0. 0. 0. 0. 0. 1. 0. 0. 0. 0. 0. 0. 0. 0. 0. 1. 0. 0. 0. 0. 0.]
[0.04007824 0.41472119 0.10951705 0.34949946 0.04187206 0.37972835
 0.41956881 0.24913404 0.06811728 0.6001099  0.15809114 0.17521445
 0.26978509 0.11734302 0.02264423 0.24001785 0.30386169 0.14413991
 0.13153279 0.58732129 0.39203177 0.01952631 0.14416231 0.19271398
 0.16686023 0.09553343 0.03304044 0.01948618 0.23998357 0.6168883
 0.02325398 0.28838381 0.24980433 0.30044728 0.08125116 0.56441585
 0.15867432 0.11229784 0.13905368 0.28654719 0.09496677 0.18605605
 0.21289306 0.28101828 0.10219773 0.43643718 0.1159473  0.08222253
 0.25152474 0.38243818 0.11887766 0.03954898 0.11564343 0.02405103
 0.04645755 0.07574626 0.30783495 0.01759521 0.31430737 0.31892957
 0.09794254 0.117799   0.32596545 0.10678248 0.10530962 0.17939154
 0.07559606 0.04756377 0.23577079 0.5501917  0.38759331 0.02224465
 0.1775732  0.01127926 0.12592418 0.02696534 0.03558484 0.00578779
 0.07958179 0.81789507 0.11187542 0.13247504 0.44088801 0.05534282
 0.00454612 0.09734335 0.0953412  0.03569839 0.1469238  0.45833726
 0.49204256 0.01705903 0.08333439 0.00901477 0.02021605 0.00514972
 0.06149255 0.00524924 0.33679034 0.4302023  0.11105534 0.14238411
 0.41182475 0.0256249  0.01682903 0.05116853 0.51324192 0.23740088
 0.0889927  0.55222916 0.30162051 0.07783466 0.23308963 0.21880304
 0.02037149 0.31604401 0.16755011 0.05071445 0.05701408 0.40859345]
0.11259382819015847
0.3353353353353353
Confidence interval for the score: [0.113 - 0.335]
120 120
[0. 0. 0. 0. 1. 0. 0. 0. 0. 0. 0. 0. 0. 0. 1. 0. 0. 0. 0. 0. 0. 0. 0. 0.
 1. 0. 0. 0. 0. 0. 0. 0. 0. 0. 1. 0. 0. 0. 0. 0. 0. 0. 0. 0. 1. 0. 0. 0.
 0. 0. 0. 0. 0. 0. 1. 0. 0. 0. 0. 0. 0. 0. 0. 0. 1. 0. 0. 0. 0. 0. 0. 0.
 0. 0. 1. 0. 0. 0. 0. 0. 0. 0. 0. 0. 1. 0. 0. 0. 0. 0. 0. 0. 0. 0. 1. 0.
 0. 0. 0. 0. 0. 0. 0. 0. 1. 0. 0. 0. 0. 0. 0. 0. 0. 0. 1. 0. 0. 0. 0. 0.]
[0.         0.         0.         0.         0.         0.
 0.25       0.         0.         0.75       0.         0.
 0.         0.         0.         0.2        0.2        0.
 0.         0.6        0.2        0.         0.         0.2
 0.         0.         0.         0.         0.         0.6
 0.         0.01283547 0.04667445 0.31621937 0.00116686 0.41423571
 0.03150525 0.00116686 0.00466744 0.17152859 0.00540541 0.00540541
 0.04324324 0.16216216 0.         0.30810811 0.00540541 0.
 0.08648649 0.38378378 0.         0.         0.         0.
 0.02941176 0.         0.23529412 0.         0.32352941 0.41176471
 0.06779661 0.01694915 0.10169492 0.         0.         0.03389831
 0.         0.         0.15254237 0.62711864 0.         0.
 0.         0.         0.         0.         0.         0.
 0.         1.         0.         0.03448276 0.34482759 0.
 0.         0.         0.         0.         0.13793103 0.48275862
 0.55555556 0.         0.         0.         0.         0.
 0.         0.         0.22222222 0.22222222 0.02339181 0.10292398
 0.14736842 0.00116959 0.         0.00701754 0.30175439 0.
 0.0374269  0.37894737 0.28888889 0.02222222 0.06666667 0.15555556
 0.         0.13333333 0.06666667 0.         0.         0.26666667]
0.21484375
0.38448660714285715
Confidence interval for the score: [0.215 - 0.384]
[[0. 0. 0. 0. 1. 0. 0. 0. 0. 0.]
 [0. 0. 0. 0. 1. 0. 0. 0. 0. 0.]
 [0. 0. 0. 0. 1. 0. 0. 0. 0. 0.]
 [0. 0. 0. 0. 1. 0. 0. 0. 0. 0.]
 [0. 0. 0. 0. 1. 0. 0. 0. 0. 0.]
 [0. 0. 0. 0. 1. 0. 0. 0. 0. 0.]
 [0. 0. 0. 0. 1. 0. 0. 0. 0. 0.]
 [0. 0. 0. 0. 1. 0. 0. 0. 0. 0.]
 [0. 0. 0. 0. 1. 0. 0. 0. 0. 0.]
 [0. 0. 0. 0. 1. 0. 0. 0. 0. 0.]
 [0. 0. 0. 0. 1. 0. 0. 0. 0. 0.]
 [0. 0. 0. 0. 1. 0. 0. 0. 0. 0.]]
[[0.04007824 0.41472119 0.10951705 0.34949946 0.04187206 0.37972835
  0.41956881 0.24913404 0.06811728 0.6001099 ]
 [0.15809114 0.17521445 0.26978509 0.11734302 0.02264423 0.24001785
  0.30386169 0.14413991 0.13153279 0.58732129]
 [0.39203177 0.01952631 0.14416231 0.19271398 0.16686023 0.09553343
  0.03304044 0.01948618 0.23998357 0.6168883 ]
 [0.02325398 0.28838381 0.24980433 0.30044728 0.08125116 0.56441585
  0.15867432 0.11229784 0.13905368 0.28654719]
 [0.09496677 0.18605605 0.21289306 0.28101828 0.10219773 0.43643718
  0.1159473  0.08222253 0.25152474 0.38243818]
 [0.11887766 0.03954898 0.11564343 0.02405103 0.04645755 0.07574626
  0.30783495 0.01759521 0.31430737 0.31892957]
 [0.09794254 0.117799   0.32596545 0.10678248 0.10530962 0.17939154
  0.07559606 0.04756377 0.23577079 0.5501917 ]
 [0.38759331 0.02224465 0.1775732  0.01127926 0.12592418 0.02696534
  0.03558484 0.00578779 0.07958179 0.81789507]
 [0.11187542 0.13247504 0.44088801 0.05534282 0.00454612 0.09734335
  0.0953412  0.03569839 0.1469238  0.45833726]
 [0.49204256 0.01705903 0.08333439 0.00901477 0.02021605 0.00514972
  0.06149255 0.00524924 0.33679034 0.4302023 ]
 [0.11105534 0.14238411 0.41182475 0.0256249  0.01682903 0.05116853
  0.51324192 0.23740088 0.0889927  0.55222916]
 [0.30162051 0.07783466 0.23308963 0.21880304 0.02037149 0.31604401
  0.16755011 0.05071445 0.05701408 0.40859345]]
[[0. 0. 0. 0. 1. 0. 0. 0. 0. 0.]
 [0. 0. 0. 0. 1. 0. 0. 0. 0. 0.]
 [0. 0. 0. 0. 1. 0. 0. 0. 0. 0.]
 [0. 0. 0. 0. 1. 0. 0. 0. 0. 0.]
 [0. 0. 0. 0. 1. 0. 0. 0. 0. 0.]
 [0. 0. 0. 0. 1. 0. 0. 0. 0. 0.]
 [0. 0. 0. 0. 1. 0. 0. 0. 0. 0.]
 [0. 0. 0. 0. 1. 0. 0. 0. 0. 0.]
 [0. 0. 0. 0. 1. 0. 0. 0. 0. 0.]
 [0. 0. 0. 0. 1. 0. 0. 0. 0. 0.]
 [0. 0. 0. 0. 1. 0. 0. 0. 0. 0.]
 [0. 0. 0. 0. 1. 0. 0. 0. 0. 0.]]
[[0.         0.         0.         0.         0.         0.
  0.25       0.         0.         0.75      ]
 [0.         0.         0.         0.         0.         0.2
  0.2        0.         0.         0.6       ]
 [0.2        0.         0.         0.2        0.         0.
  0.         0.         0.         0.6       ]
 [0.         0.01283547 0.04667445 0.31621937 0.00116686 0.41423571
  0.03150525 0.00116686 0.00466744 0.17152859]
 [0.00540541 0.00540541 0.04324324 0.16216216 0.         0.30810811
  0.00540541 0.         0.08648649 0.38378378]
 [0.         0.         0.         0.         0.02941176 0.
  0.23529412 0.         0.32352941 0.41176471]
 [0.06779661 0.01694915 0.10169492 0.         0.         0.03389831
  0.         0.         0.15254237 0.62711864]
 [0.         0.         0.         0.         0.         0.
  0.         0.         0.         1.        ]
 [0.         0.03448276 0.34482759 0.         0.         0.
  0.         0.         0.13793103 0.48275862]
 [0.55555556 0.         0.         0.         0.         0.
  0.         0.         0.22222222 0.22222222]
 [0.02339181 0.10292398 0.14736842 0.00116959 0.         0.00701754
  0.30175439 0.         0.0374269  0.37894737]
 [0.28888889 0.02222222 0.06666667 0.15555556 0.         0.13333333
  0.06666667 0.         0.         0.26666667]]
******* FP / TP for average probability
{0: array([0.        , 0.08333333, 1.        ]), 1: array([0.        , 0.08333333, 1.        ]), 2: array([0.        , 0.08333333, 1.        ]), 3: array([0.        , 0.08333333, 1.        ]), 4: array([nan, nan, nan]), 5: array([0.        , 0.08333333, 1.        ]), 6: array([0.        , 0.08333333, 1.        ]), 7: array([0.        , 0.08333333, 1.        ]), 8: array([0.        , 0.08333333, 1.        ]), 9: array([0.        , 0.08333333, 1.        ]), 'micro': array([0.        , 0.00925926, 0.47222222, 0.47222222, 0.55555556,
       0.55555556, 0.64814815, 0.64814815, 0.72222222, 0.72222222,
       0.82407407, 0.82407407, 0.90740741, 0.90740741, 0.91666667,
       0.91666667, 0.9537037 , 0.9537037 , 1.        , 1.        ]), 'macro': array([0.        , 0.08333333, 1.        ,        nan,        nan,
              nan])}
{0: array([nan, nan, nan]), 1: array([nan, nan, nan]), 2: array([nan, nan, nan]), 3: array([nan, nan, nan]), 4: array([0.        , 0.08333333, 1.        ]), 5: array([nan, nan, nan]), 6: array([nan, nan, nan]), 7: array([nan, nan, nan]), 8: array([nan, nan, nan]), 9: array([nan, nan, nan]), 'micro': array([0.        , 0.        , 0.        , 0.08333333, 0.08333333,
       0.16666667, 0.16666667, 0.33333333, 0.33333333, 0.41666667,
       0.41666667, 0.58333333, 0.58333333, 0.66666667, 0.66666667,
       0.83333333, 0.83333333, 0.91666667, 0.91666667, 1.        ]), 'macro': array([nan, nan, nan, nan, nan, nan])}
******* FP / TP for percent selected
{0: array([0.        , 0.08333333, 0.5       , 1.        ]), 1: array([0.        , 0.08333333, 0.5       , 1.        ]), 2: array([0.        , 0.08333333, 0.5       , 1.        ]), 3: array([0.        , 0.08333333, 0.41666667, 1.        ]), 4: array([nan, nan, nan, nan]), 5: array([0.        , 0.08333333, 0.5       , 1.        ]), 6: array([0.        , 0.08333333, 0.58333333, 1.        ]), 7: array([0.        , 0.08333333, 1.        ]), 8: array([0.        , 0.08333333, 0.58333333, 1.        ]), 9: array([0.        , 0.08333333, 0.25      , 0.41666667, 1.        ]), 'micro': array([0.        , 0.00925926, 0.02777778, 0.0462963 , 0.18518519,
       0.2037037 , 0.24074074, 0.34259259, 0.36111111, 0.41666667,
       0.41666667, 0.46296296, 0.49074074, 0.50925926, 0.51851852,
       1.        ]), 'macro': array([0.        , 0.08333333, 0.25      , 0.41666667, 0.5       ,
       0.58333333, 1.        ,        nan,        nan,        nan,
              nan])}
{0: array([nan, nan, nan, nan]), 1: array([nan, nan, nan, nan]), 2: array([nan, nan, nan, nan]), 3: array([nan, nan, nan, nan]), 4: array([0.        , 0.08333333, 0.16666667, 1.        ]), 5: array([nan, nan, nan, nan]), 6: array([nan, nan, nan, nan]), 7: array([nan, nan, nan]), 8: array([nan, nan, nan, nan]), 9: array([nan, nan, nan, nan, nan]), 'micro': array([0.        , 0.        , 0.        , 0.        , 0.        ,
       0.        , 0.        , 0.        , 0.        , 0.        ,
       0.08333333, 0.08333333, 0.08333333, 0.08333333, 0.16666667,
       1.        ]), 'macro': array([nan, nan, nan, nan, nan, nan, nan, nan, nan, nan, nan])}
n_classes
10
[0. 0. 0. 0. 0. 0. 0. 0. 0. 0. 0. 0.]
[0.04007824 0.15809114 0.39203177 0.02325398 0.09496677 0.11887766
 0.09794254 0.38759331 0.11187542 0.49204256 0.11105534 0.30162051]
[0. 0. 0. 0. 0. 0. 0. 0. 0. 0. 0. 0.]
[0.         0.         0.2        0.         0.00540541 0.
 0.06779661 0.         0.         0.55555556 0.02339181 0.28888889]
[0. 0. 0. 0. 0. 0. 0. 0. 0. 0. 0. 0.]
[0.41472119 0.17521445 0.01952631 0.28838381 0.18605605 0.03954898
 0.117799   0.02224465 0.13247504 0.01705903 0.14238411 0.07783466]
[0. 0. 0. 0. 0. 0. 0. 0. 0. 0. 0. 0.]
[0.         0.         0.         0.01283547 0.00540541 0.
 0.01694915 0.         0.03448276 0.         0.10292398 0.02222222]
[0. 0. 0. 0. 0. 0. 0. 0. 0. 0. 0. 0.]
[0.10951705 0.26978509 0.14416231 0.24980433 0.21289306 0.11564343
 0.32596545 0.1775732  0.44088801 0.08333439 0.41182475 0.23308963]
[0. 0. 0. 0. 0. 0. 0. 0. 0. 0. 0. 0.]
[0.         0.         0.         0.04667445 0.04324324 0.
 0.10169492 0.         0.34482759 0.         0.14736842 0.06666667]
[0. 0. 0. 0. 0. 0. 0. 0. 0. 0. 0. 0.]
[0.34949946 0.11734302 0.19271398 0.30044728 0.28101828 0.02405103
 0.10678248 0.01127926 0.05534282 0.00901477 0.0256249  0.21880304]
[0. 0. 0. 0. 0. 0. 0. 0. 0. 0. 0. 0.]
[0.         0.         0.2        0.31621937 0.16216216 0.
 0.         0.         0.         0.         0.00116959 0.15555556]
[1. 1. 1. 1. 1. 1. 1. 1. 1. 1. 1. 1.]
[0.04187206 0.02264423 0.16686023 0.08125116 0.10219773 0.04645755
 0.10530962 0.12592418 0.00454612 0.02021605 0.01682903 0.02037149]
[1. 1. 1. 1. 1. 1. 1. 1. 1. 1. 1. 1.]
[0.         0.         0.         0.00116686 0.         0.02941176
 0.         0.         0.         0.         0.         0.        ]
[0. 0. 0. 0. 0. 0. 0. 0. 0. 0. 0. 0.]
[0.37972835 0.24001785 0.09553343 0.56441585 0.43643718 0.07574626
 0.17939154 0.02696534 0.09734335 0.00514972 0.05116853 0.31604401]
[0. 0. 0. 0. 0. 0. 0. 0. 0. 0. 0. 0.]
[0.         0.2        0.         0.41423571 0.30810811 0.
 0.03389831 0.         0.         0.         0.00701754 0.13333333]
[0. 0. 0. 0. 0. 0. 0. 0. 0. 0. 0. 0.]
[0.41956881 0.30386169 0.03304044 0.15867432 0.1159473  0.30783495
 0.07559606 0.03558484 0.0953412  0.06149255 0.51324192 0.16755011]
[0. 0. 0. 0. 0. 0. 0. 0. 0. 0. 0. 0.]
[0.25       0.2        0.         0.03150525 0.00540541 0.23529412
 0.         0.         0.         0.         0.30175439 0.06666667]
[0. 0. 0. 0. 0. 0. 0. 0. 0. 0. 0. 0.]
[0.24913404 0.14413991 0.01948618 0.11229784 0.08222253 0.01759521
 0.04756377 0.00578779 0.03569839 0.00524924 0.23740088 0.05071445]
[0. 0. 0. 0. 0. 0. 0. 0. 0. 0. 0. 0.]
[0.         0.         0.         0.00116686 0.         0.
 0.         0.         0.         0.         0.         0.        ]
[0. 0. 0. 0. 0. 0. 0. 0. 0. 0. 0. 0.]
[0.06811728 0.13153279 0.23998357 0.13905368 0.25152474 0.31430737
 0.23577079 0.07958179 0.1469238  0.33679034 0.0889927  0.05701408]
[0. 0. 0. 0. 0. 0. 0. 0. 0. 0. 0. 0.]
[0.         0.         0.         0.00466744 0.08648649 0.32352941
 0.15254237 0.         0.13793103 0.22222222 0.0374269  0.        ]
[0. 0. 0. 0. 0. 0. 0. 0. 0. 0. 0. 0.]
[0.6001099  0.58732129 0.6168883  0.28654719 0.38243818 0.31892957
 0.5501917  0.81789507 0.45833726 0.4302023  0.55222916 0.40859345]
[0. 0. 0. 0. 0. 0. 0. 0. 0. 0. 0. 0.]
[0.75       0.6        0.6        0.17152859 0.38378378 0.41176471
 0.62711864 1.         0.48275862 0.22222222 0.37894737 0.26666667]
[0. 0. 0. 0. 1. 0. 0. 0. 0. 0. 0. 0. 0. 0. 1. 0. 0. 0. 0. 0. 0. 0. 0. 0.
 1. 0. 0. 0. 0. 0. 0. 0. 0. 0. 1. 0. 0. 0. 0. 0. 0. 0. 0. 0. 1. 0. 0. 0.
 0. 0. 0. 0. 0. 0. 1. 0. 0. 0. 0. 0. 0. 0. 0. 0. 1. 0. 0. 0. 0. 0. 0. 0.
 0. 0. 1. 0. 0. 0. 0. 0. 0. 0. 0. 0. 1. 0. 0. 0. 0. 0. 0. 0. 0. 0. 1. 0.
 0. 0. 0. 0. 0. 0. 0. 0. 1. 0. 0. 0. 0. 0. 0. 0. 0. 0. 1. 0. 0. 0. 0. 0.]
[0.04007824 0.41472119 0.10951705 0.34949946 0.04187206 0.37972835
 0.41956881 0.24913404 0.06811728 0.6001099  0.15809114 0.17521445
 0.26978509 0.11734302 0.02264423 0.24001785 0.30386169 0.14413991
 0.13153279 0.58732129 0.39203177 0.01952631 0.14416231 0.19271398
 0.16686023 0.09553343 0.03304044 0.01948618 0.23998357 0.6168883
 0.02325398 0.28838381 0.24980433 0.30044728 0.08125116 0.56441585
 0.15867432 0.11229784 0.13905368 0.28654719 0.09496677 0.18605605
 0.21289306 0.28101828 0.10219773 0.43643718 0.1159473  0.08222253
 0.25152474 0.38243818 0.11887766 0.03954898 0.11564343 0.02405103
 0.04645755 0.07574626 0.30783495 0.01759521 0.31430737 0.31892957
 0.09794254 0.117799   0.32596545 0.10678248 0.10530962 0.17939154
 0.07559606 0.04756377 0.23577079 0.5501917  0.38759331 0.02224465
 0.1775732  0.01127926 0.12592418 0.02696534 0.03558484 0.00578779
 0.07958179 0.81789507 0.11187542 0.13247504 0.44088801 0.05534282
 0.00454612 0.09734335 0.0953412  0.03569839 0.1469238  0.45833726
 0.49204256 0.01705903 0.08333439 0.00901477 0.02021605 0.00514972
 0.06149255 0.00524924 0.33679034 0.4302023  0.11105534 0.14238411
 0.41182475 0.0256249  0.01682903 0.05116853 0.51324192 0.23740088
 0.0889927  0.55222916 0.30162051 0.07783466 0.23308963 0.21880304
 0.02037149 0.31604401 0.16755011 0.05071445 0.05701408 0.40859345]
0.11259382819015847
0.3353353353353353
Confidence interval for the score: [0.113 - 0.335]
120 120
[0. 0. 0. 0. 1. 0. 0. 0. 0. 0. 0. 0. 0. 0. 1. 0. 0. 0. 0. 0. 0. 0. 0. 0.
 1. 0. 0. 0. 0. 0. 0. 0. 0. 0. 1. 0. 0. 0. 0. 0. 0. 0. 0. 0. 1. 0. 0. 0.
 0. 0. 0. 0. 0. 0. 1. 0. 0. 0. 0. 0. 0. 0. 0. 0. 1. 0. 0. 0. 0. 0. 0. 0.
 0. 0. 1. 0. 0. 0. 0. 0. 0. 0. 0. 0. 1. 0. 0. 0. 0. 0. 0. 0. 0. 0. 1. 0.
 0. 0. 0. 0. 0. 0. 0. 0. 1. 0. 0. 0. 0. 0. 0. 0. 0. 0. 1. 0. 0. 0. 0. 0.]
[0.         0.         0.         0.         0.         0.
 0.25       0.         0.         0.75       0.         0.
 0.         0.         0.         0.2        0.2        0.
 0.         0.6        0.2        0.         0.         0.2
 0.         0.         0.         0.         0.         0.6
 0.         0.01283547 0.04667445 0.31621937 0.00116686 0.41423571
 0.03150525 0.00116686 0.00466744 0.17152859 0.00540541 0.00540541
 0.04324324 0.16216216 0.         0.30810811 0.00540541 0.
 0.08648649 0.38378378 0.         0.         0.         0.
 0.02941176 0.         0.23529412 0.         0.32352941 0.41176471
 0.06779661 0.01694915 0.10169492 0.         0.         0.03389831
 0.         0.         0.15254237 0.62711864 0.         0.
 0.         0.         0.         0.         0.         0.
 0.         1.         0.         0.03448276 0.34482759 0.
 0.         0.         0.         0.         0.13793103 0.48275862
 0.55555556 0.         0.         0.         0.         0.
 0.         0.         0.22222222 0.22222222 0.02339181 0.10292398
 0.14736842 0.00116959 0.         0.00701754 0.30175439 0.
 0.0374269  0.37894737 0.28888889 0.02222222 0.06666667 0.15555556
 0.         0.13333333 0.06666667 0.         0.         0.26666667]
0.21484375
0.38448660714285715
Confidence interval for the score: [0.215 - 0.384]
[[0. 0. 0. 0. 1. 0. 0. 0. 0. 0.]
 [0. 0. 0. 0. 1. 0. 0. 0. 0. 0.]
 [0. 0. 0. 0. 1. 0. 0. 0. 0. 0.]
 [0. 0. 0. 0. 1. 0. 0. 0. 0. 0.]
 [0. 0. 0. 0. 1. 0. 0. 0. 0. 0.]
 [0. 0. 0. 0. 1. 0. 0. 0. 0. 0.]
 [0. 0. 0. 0. 1. 0. 0. 0. 0. 0.]
 [0. 0. 0. 0. 1. 0. 0. 0. 0. 0.]
 [0. 0. 0. 0. 1. 0. 0. 0. 0. 0.]
 [0. 0. 0. 0. 1. 0. 0. 0. 0. 0.]
 [0. 0. 0. 0. 1. 0. 0. 0. 0. 0.]
 [0. 0. 0. 0. 1. 0. 0. 0. 0. 0.]]
[[0.04007824 0.41472119 0.10951705 0.34949946 0.04187206 0.37972835
  0.41956881 0.24913404 0.06811728 0.6001099 ]
 [0.15809114 0.17521445 0.26978509 0.11734302 0.02264423 0.24001785
  0.30386169 0.14413991 0.13153279 0.58732129]
 [0.39203177 0.01952631 0.14416231 0.19271398 0.16686023 0.09553343
  0.03304044 0.01948618 0.23998357 0.6168883 ]
 [0.02325398 0.28838381 0.24980433 0.30044728 0.08125116 0.56441585
  0.15867432 0.11229784 0.13905368 0.28654719]
 [0.09496677 0.18605605 0.21289306 0.28101828 0.10219773 0.43643718
  0.1159473  0.08222253 0.25152474 0.38243818]
 [0.11887766 0.03954898 0.11564343 0.02405103 0.04645755 0.07574626
  0.30783495 0.01759521 0.31430737 0.31892957]
 [0.09794254 0.117799   0.32596545 0.10678248 0.10530962 0.17939154
  0.07559606 0.04756377 0.23577079 0.5501917 ]
 [0.38759331 0.02224465 0.1775732  0.01127926 0.12592418 0.02696534
  0.03558484 0.00578779 0.07958179 0.81789507]
 [0.11187542 0.13247504 0.44088801 0.05534282 0.00454612 0.09734335
  0.0953412  0.03569839 0.1469238  0.45833726]
 [0.49204256 0.01705903 0.08333439 0.00901477 0.02021605 0.00514972
  0.06149255 0.00524924 0.33679034 0.4302023 ]
 [0.11105534 0.14238411 0.41182475 0.0256249  0.01682903 0.05116853
  0.51324192 0.23740088 0.0889927  0.55222916]
 [0.30162051 0.07783466 0.23308963 0.21880304 0.02037149 0.31604401
  0.16755011 0.05071445 0.05701408 0.40859345]]
[[0. 0. 0. 0. 1. 0. 0. 0. 0. 0.]
 [0. 0. 0. 0. 1. 0. 0. 0. 0. 0.]
 [0. 0. 0. 0. 1. 0. 0. 0. 0. 0.]
 [0. 0. 0. 0. 1. 0. 0. 0. 0. 0.]
 [0. 0. 0. 0. 1. 0. 0. 0. 0. 0.]
 [0. 0. 0. 0. 1. 0. 0. 0. 0. 0.]
 [0. 0. 0. 0. 1. 0. 0. 0. 0. 0.]
 [0. 0. 0. 0. 1. 0. 0. 0. 0. 0.]
 [0. 0. 0. 0. 1. 0. 0. 0. 0. 0.]
 [0. 0. 0. 0. 1. 0. 0. 0. 0. 0.]
 [0. 0. 0. 0. 1. 0. 0. 0. 0. 0.]
 [0. 0. 0. 0. 1. 0. 0. 0. 0. 0.]]
[[0.         0.         0.         0.         0.         0.
  0.25       0.         0.         0.75      ]
 [0.         0.         0.         0.         0.         0.2
  0.2        0.         0.         0.6       ]
 [0.2        0.         0.         0.2        0.         0.
  0.         0.         0.         0.6       ]
 [0.         0.01283547 0.04667445 0.31621937 0.00116686 0.41423571
  0.03150525 0.00116686 0.00466744 0.17152859]
 [0.00540541 0.00540541 0.04324324 0.16216216 0.         0.30810811
  0.00540541 0.         0.08648649 0.38378378]
 [0.         0.         0.         0.         0.02941176 0.
  0.23529412 0.         0.32352941 0.41176471]
 [0.06779661 0.01694915 0.10169492 0.         0.         0.03389831
  0.         0.         0.15254237 0.62711864]
 [0.         0.         0.         0.         0.         0.
  0.         0.         0.         1.        ]
 [0.         0.03448276 0.34482759 0.         0.         0.
  0.         0.         0.13793103 0.48275862]
 [0.55555556 0.         0.         0.         0.         0.
  0.         0.         0.22222222 0.22222222]
 [0.02339181 0.10292398 0.14736842 0.00116959 0.         0.00701754
  0.30175439 0.         0.0374269  0.37894737]
 [0.28888889 0.02222222 0.06666667 0.15555556 0.         0.13333333
  0.06666667 0.         0.         0.26666667]]
******* FP / TP for average probability
{0: array([0.        , 0.08333333, 1.        ]), 1: array([0.        , 0.08333333, 1.        ]), 2: array([0.        , 0.08333333, 1.        ]), 3: array([0.        , 0.08333333, 1.        ]), 4: array([nan, nan, nan]), 5: array([0.        , 0.08333333, 1.        ]), 6: array([0.        , 0.08333333, 1.        ]), 7: array([0.        , 0.08333333, 1.        ]), 8: array([0.        , 0.08333333, 1.        ]), 9: array([0.        , 0.08333333, 1.        ]), 'micro': array([0.        , 0.00925926, 0.47222222, 0.47222222, 0.55555556,
       0.55555556, 0.64814815, 0.64814815, 0.72222222, 0.72222222,
       0.82407407, 0.82407407, 0.90740741, 0.90740741, 0.91666667,
       0.91666667, 0.9537037 , 0.9537037 , 1.        , 1.        ]), 'macro': array([0.        , 0.08333333, 1.        ,        nan,        nan,
              nan])}
{0: array([nan, nan, nan]), 1: array([nan, nan, nan]), 2: array([nan, nan, nan]), 3: array([nan, nan, nan]), 4: array([0.        , 0.08333333, 1.        ]), 5: array([nan, nan, nan]), 6: array([nan, nan, nan]), 7: array([nan, nan, nan]), 8: array([nan, nan, nan]), 9: array([nan, nan, nan]), 'micro': array([0.        , 0.        , 0.        , 0.08333333, 0.08333333,
       0.16666667, 0.16666667, 0.33333333, 0.33333333, 0.41666667,
       0.41666667, 0.58333333, 0.58333333, 0.66666667, 0.66666667,
       0.83333333, 0.83333333, 0.91666667, 0.91666667, 1.        ]), 'macro': array([nan, nan, nan, nan, nan, nan])}
******* FP / TP for percent selected
{0: array([0.        , 0.08333333, 0.5       , 1.        ]), 1: array([0.        , 0.08333333, 0.5       , 1.        ]), 2: array([0.        , 0.08333333, 0.5       , 1.        ]), 3: array([0.        , 0.08333333, 0.41666667, 1.        ]), 4: array([nan, nan, nan, nan]), 5: array([0.        , 0.08333333, 0.5       , 1.        ]), 6: array([0.        , 0.08333333, 0.58333333, 1.        ]), 7: array([0.        , 0.08333333, 1.        ]), 8: array([0.        , 0.08333333, 0.58333333, 1.        ]), 9: array([0.        , 0.08333333, 0.25      , 0.41666667, 1.        ]), 'micro': array([0.        , 0.00925926, 0.02777778, 0.0462963 , 0.18518519,
       0.2037037 , 0.24074074, 0.34259259, 0.36111111, 0.41666667,
       0.41666667, 0.46296296, 0.49074074, 0.50925926, 0.51851852,
       1.        ]), 'macro': array([0.        , 0.08333333, 0.25      , 0.41666667, 0.5       ,
       0.58333333, 1.        ,        nan,        nan,        nan,
              nan])}
{0: array([nan, nan, nan, nan]), 1: array([nan, nan, nan, nan]), 2: array([nan, nan, nan, nan]), 3: array([nan, nan, nan, nan]), 4: array([0.        , 0.08333333, 0.16666667, 1.        ]), 5: array([nan, nan, nan, nan]), 6: array([nan, nan, nan, nan]), 7: array([nan, nan, nan]), 8: array([nan, nan, nan, nan]), 9: array([nan, nan, nan, nan, nan]), 'micro': array([0.        , 0.        , 0.        , 0.        , 0.        ,
       0.        , 0.        , 0.        , 0.        , 0.        ,
       0.08333333, 0.08333333, 0.08333333, 0.08333333, 0.16666667,
       1.        ]), 'macro': array([nan, nan, nan, nan, nan, nan, nan, nan, nan, nan, nan])}
